<?xml version="1.0" encoding="UTF-8"?>
<!-- Generated by org.testng.reporters.JUnitXMLReporter -->
<testsuite hostname="BLT1219" ignored="1" name="Test" tests="2" failures="0" timestamp="2020-02-17T16:19:08 IST" time="0.094" errors="0">
  <testcase name="login" time="0.015" classname="testingdemo.dependsongroup"/>
  <testcase name="login2" time="0.0" classname="testingdemo.dependsongroup"/>
  <testcase name="login3" time="0.0" classname="testingdemo.dependsongroup">
    <ignored/>
  </testcase> <!-- login3 -->
</testsuite> <!-- Test -->
