<?xml version="1.0" encoding="UTF-8"?>
<testng-results skipped="0" failed="0" ignored="0" total="1" passed="1">
  <reporter-output>
  </reporter-output>
  <suite name="Default suite" duration-ms="20631" started-at="2020-02-19T14:20:33 IST" finished-at="2020-02-19T14:20:53 IST">
    <groups>
    </groups>
    <test name="Default test" duration-ms="20631" started-at="2020-02-19T14:20:33 IST" finished-at="2020-02-19T14:20:53 IST">
      <class name="Testcase.Logintestcase">
        <test-method status="PASS" signature="startUp()[pri:0, instance:Testcase.Logintestcase@16267862]" name="startUp" is-config="true" duration-ms="9183" started-at="2020-02-19T14:20:33 IST" finished-at="2020-02-19T14:20:42 IST">
          <reporter-output>
          </reporter-output>
        </test-method> <!-- startUp -->
        <test-method status="PASS" signature="login()[pri:0, instance:Testcase.Logintestcase@16267862]" name="login" duration-ms="8908" started-at="2020-02-19T14:20:42 IST" finished-at="2020-02-19T14:20:51 IST">
          <reporter-output>
          </reporter-output>
        </test-method> <!-- login -->
        <test-method status="PASS" signature="close()[pri:0, instance:Testcase.Logintestcase@16267862]" name="close" is-config="true" duration-ms="2418" started-at="2020-02-19T14:20:51 IST" finished-at="2020-02-19T14:20:53 IST">
          <reporter-output>
          </reporter-output>
        </test-method> <!-- close -->
      </class> <!-- Testcase.Logintestcase -->
    </test> <!-- Default test -->
  </suite> <!-- Default suite -->
</testng-results>
