<?xml version="1.0" encoding="UTF-8"?>
<testng-results skipped="0" failed="0" ignored="0" total="1" passed="1">
  <reporter-output>
  </reporter-output>
  <suite name="Default suite" duration-ms="15419" started-at="2020-02-20T11:19:34 IST" finished-at="2020-02-20T11:19:50 IST">
    <groups>
    </groups>
    <test name="Default test" duration-ms="15419" started-at="2020-02-20T11:19:34 IST" finished-at="2020-02-20T11:19:50 IST">
      <class name="gradledemo.demo">
        <test-method status="PASS" signature="tt()[pri:0, instance:gradledemo.demo@22a67b4]" name="tt" duration-ms="15330" started-at="2020-02-20T11:19:34 IST" finished-at="2020-02-20T11:19:50 IST">
          <reporter-output>
          </reporter-output>
        </test-method> <!-- tt -->
      </class> <!-- gradledemo.demo -->
    </test> <!-- Default test -->
  </suite> <!-- Default suite -->
</testng-results>
