<?xml version="1.0" encoding="UTF-8"?>
<!-- Generated by org.testng.reporters.JUnitXMLReporter -->
<testsuite hostname="BLT1219" ignored="0" name="Test" tests="4" failures="0" timestamp="2020-03-10T11:16:23 IST" time="94.956" errors="0">
  <testcase name="login_case1" time="19.574" classname="com.Testcase.login_case"/>
  <testcase name="login_case2" time="8.355" classname="com.Testcase.login_case"/>
  <testcase name="account_method" time="3.517" classname="com.Testcase.account_case"/>
  <testcase name="search_method" time="8.88" classname="com.Testcase.search_case"/>
</testsuite> <!-- Test -->
