<?xml version="1.0" encoding="UTF-8"?>
<!-- Generated by org.testng.reporters.JUnitXMLReporter -->
<testsuite hostname="BLT1219" ignored="0" name="Test" tests="4" failures="0" timestamp="2020-03-05T09:42:56 IST" time="93.239" errors="0">
  <testcase name="login_case1" time="17.355" classname="com.Testcase.login_case"/>
  <testcase name="login_case2" time="7.27" classname="com.Testcase.login_case"/>
  <testcase name="search_method" time="6.089" classname="com.Testcase.search_case"/>
  <testcase name="account_method" time="4.164" classname="com.Testcase.account_case"/>
</testsuite> <!-- Test -->
