<?xml version="1.0" encoding="UTF-8"?>
<testng-results skipped="0" failed="0" ignored="0" total="1" passed="1">
  <reporter-output>
  </reporter-output>
  <suite name="Default suite" duration-ms="11139" started-at="2020-03-03T09:56:39 IST" finished-at="2020-03-03T09:56:51 IST">
    <groups>
    </groups>
    <test name="Default test" duration-ms="11139" started-at="2020-03-03T09:56:39 IST" finished-at="2020-03-03T09:56:51 IST">
      <class name="cucumber.testcase">
        <test-method status="PASS" signature="launch_browser()[pri:0, instance:cucumber.testcase@3cef309d]" name="launch_browser" duration-ms="10900" started-at="2020-03-03T09:56:40 IST" finished-at="2020-03-03T09:56:51 IST">
          <reporter-output>
          </reporter-output>
        </test-method> <!-- launch_browser -->
      </class> <!-- cucumber.testcase -->
    </test> <!-- Default test -->
  </suite> <!-- Default suite -->
</testng-results>
